  Converting images
  Reading ./application.config
  Converting texts and fonts
  Creating compile items for all generated source files: ..\..\generated\fonts\src\ApplicationFontProvider.cpp;..\..\generated\fonts\src\CachedFont.cpp;..\..\generated\fonts\src\FontCache.cpp;..\..\generated\fonts\src\Font_arialbd_30_4bpp_0.cpp;..\..\generated\fonts\src\Font_arial_20_4bpp_0.cpp;..\..\generated\fonts\src\Font_arial_20_4bpp_4.cpp;..\..\generated\fonts\src\Font_ariblk_25_4bpp_0.cpp;..\..\generated\fonts\src\Font_ariblk_25_4bpp_4.cpp;..\..\generated\fonts\src\Font_calibri_10_4bpp_0.cpp;..\..\generated\fonts\src\Font_calibri_20_4bpp_0.cpp;..\..\generated\fonts\src\Font_calibri_34_4bpp_0.cpp;..\..\generated\fonts\src\Font_calibri_34_4bpp_4.cpp;..\..\generated\fonts\src\Font_calibri_40_4bpp_0.cpp;..\..\generated\fonts\src\Font_calibri_56_4bpp_0.cpp;..\..\generated\fonts\src\Font_calibri_56_4bpp_4.cpp;..\..\generated\fonts\src\GeneratedFont.cpp;..\..\generated\fonts\src\Kerning_arialbd_30_4bpp.cpp;..\..\generated\fonts\src\Kerning_arial_20_4bpp.cpp;..\..\generated\fonts\src\Kerning_ariblk_25_4bpp.cpp;..\..\generated\fonts\src\Kerning_calibri_10_4bpp.cpp;..\..\generated\fonts\src\Kerning_calibri_20_4bpp.cpp;..\..\generated\fonts\src\Kerning_calibri_34_4bpp.cpp;..\..\generated\fonts\src\Kerning_calibri_40_4bpp.cpp;..\..\generated\fonts\src\Kerning_calibri_56_4bpp.cpp;..\..\generated\fonts\src\Table_arialbd_30_4bpp.cpp;..\..\generated\fonts\src\Table_arial_20_4bpp.cpp;..\..\generated\fonts\src\Table_ariblk_25_4bpp.cpp;..\..\generated\fonts\src\Table_calibri_10_4bpp.cpp;..\..\generated\fonts\src\Table_calibri_20_4bpp.cpp;..\..\generated\fonts\src\Table_calibri_34_4bpp.cpp;..\..\generated\fonts\src\Table_calibri_40_4bpp.cpp;..\..\generated\fonts\src\Table_calibri_56_4bpp.cpp;..\..\generated\fonts\src\UnmappedDataFont.cpp;..\..\generated\images\src\BitmapDatabase.cpp;..\..\generated\images\src\Button\image_Button_Actuator.cpp;..\..\generated\images\src\Button\image_Button_Back.cpp;..\..\generated\images\src\Button\image_Button_Button_Back_s.cpp;..\..\generated\images\src\Button\image_Button_Coding.cpp;..\..\generated\images\src\Button\image_Button_Delete_Errors.cpp;..\..\generated\images\src\Button\image_Button_filter.cpp;..\..\generated\images\src\Button\image_Button_filter_s.cpp;..\..\generated\images\src\Button\image_Button_Home.cpp;..\..\generated\images\src\Button\image_Button_Home_s.cpp;..\..\generated\images\src\Button\image_Button_Live_Data.cpp;..\..\generated\images\src\Button\image_Button_Read_Errors.cpp;..\..\generated\images\src\Button\image_Button_save.cpp;..\..\generated\images\src\Button\image_Button_save_s.cpp;..\..\generated\images\src\Button\image_Button_Service_Functions.cpp;..\..\generated\images\src\Button\image_Button_Settings.cpp;..\..\generated\images\src\Button\image_Button_Settings_s.cpp;..\..\generated\images\src\Button\image_Button_ToUser.cpp;..\..\generated\images\src\Button\image_Button_ToUser_s.cpp;..\..\generated\images\src\Button\image_trye_again_button.cpp;..\..\generated\images\src\Button\Settings\image_Button_Information.cpp;..\..\generated\images\src\Button\Settings\image_Button_Light_Selector_239x239.cpp;..\..\generated\images\src\Button\Settings\image_Button_Settings_239x239.cpp;..\..\generated\images\src\Button\Settings\image_Button_Support.cpp;..\..\generated\images\src\Button\Settings\image_Button_Update.cpp;..\..\generated\images\src\Button\Settings\image_Button_User_Data.cpp;..\..\generated\images\src\Button\Settings\image_Button_WiFi.cpp;..\..\generated\images\src\Icon\image_Icon_ABS.cpp;..\..\generated\images\src\Icon\image_Icon_Airbag.cpp;..\..\generated\images\src\Icon\image_Icon_Aktivtemptomat.cpp;..\..\generated\images\src\Icon\image_Icon_AS_AL_AFS.cpp;..\..\generated\images\src\Icon\image_Icon_CTM_CVM.cpp;..\..\generated\images\src\Icon\image_Icon_ECU.cpp;..\..\generated\images\src\Icon\image_Icon_EDC.cpp;..\..\generated\images\src\Icon\image_Icon_EHC.cpp;..\..\generated\images\src\Icon\image_Icon_EKP.cpp;..\..\generated\images\src\Icon\image_Icon_Elektro_Servolenkung.cpp;..\..\generated\images\src\Icon\image_Icon_Feststellbremse.cpp;..\..\generated\images\src\Icon\image_Icon_Gangwahlshalter.cpp;..\..\generated\images\src\Icon\image_Icon_Getriebe.cpp;..\..\generated\images\src\Icon\image_Icon_HKL.cpp;..\..\generated\images\src\Icon\image_Icon_Instrumententafel.cpp;..\..\generated\images\src\Icon\image_Icon_KAFAS.cpp;..\..\generated\images\src\Icon\image_Icon_LDM.cpp;..\..\generated\images\src\Icon\image_Icon_Lenkwinkelsensor.cpp;..\..\generated\images\src\Icon\image_Icon_Motor.cpp;..\..\generated\images\src\Icon\image_Icon_Nav.cpp;..\..\generated\images\src\Icon\image_Icon_Parkabstandsregelung.cpp;..\..\generated\images\src\Icon\image_Icon_PMA.cpp;..\..\generated\images\src\Icon\image_Icon_Regen_Lichtsensor.cpp;..\..\generated\images\src\Icon\image_Icon_Reifendruckuberwachung.cpp;..\..\generated\images\src\Icon\image_Icon_SCR.cpp;..\..\generated\images\src\Icon\image_Icon_SHD.cpp;..\..\generated\images\src\Icon\image_Icon_Sitzmodul.cpp;..\..\generated\images\src\Icon\image_Icon_SME.cpp;..\..\generated\images\src\Icon\image_Icon_Snow.cpp;..\..\generated\images\src\Icon\image_Icon_SWW.cpp;..\..\generated\images\src\Icon\image_Icon_TLC.cpp;..\..\generated\images\src\Icon\image_Icon_Verteilergetriebe.cpp;..\..\generated\images\src\image_audio_background.cpp;..\..\generated\images\src\image_Buton2.cpp;..\..\generated\images\src\image_Button_DeleteErr.cpp;..\..\generated\images\src\image_Button_diagnose_icon.cpp;..\..\generated\images\src\image_Button_Light_Selector.cpp;..\..\generated\images\src\image_device.cpp;..\..\generated\images\src\image_error_box.cpp;..\..\generated\images\src\image_image.cpp;..\..\generated\images\src\image_Loading.cpp;..\..\generated\images\src\image_maindark1.cpp;..\..\generated\images\src\image_pkwselector.cpp;..\..\generated\images\src\image_UI_settings.cpp;..\..\generated\images\src\image_waiting_ico.cpp;..\..\generated\images\src\Keyboard\image_keyboard_close.cpp;..\..\generated\images\src\Keyboard\image_keyboard_normal.cpp;..\..\generated\images\src\Keyboard\image_keyboard_pressed.cpp;..\..\generated\images\src\Keyboard\image_keyboard_pressed_backspace.cpp;..\..\generated\images\src\Keyboard\image_keyboard_pressed_capslock.cpp;..\..\generated\images\src\Keyboard\image_keyboard_pressed_done.cpp;..\..\generated\images\src\Keyboard\image_keyboard_pressed_key.cpp;..\..\generated\images\src\Keyboard\image_keyboard_pressed_mode.cpp;..\..\generated\images\src\Keyboard\image_keyboard_pressed_space.cpp;..\..\generated\images\src\Wifi\image_no_wifi.cpp;..\..\generated\images\src\Wifi\image_wifi_1.cpp;..\..\generated\images\src\Wifi\image_wifi_2.cpp;..\..\generated\images\src\Wifi\image_wifi_3.cpp;..\..\generated\images\src\Wifi\image_wifi_dot.cpp;..\..\generated\images\src\Wifi\image_wifi_dot_icon_2x.cpp;..\..\generated\images\src\Wifi\image_wifi_dot_settings.cpp;..\..\generated\images\src\Wifi\image_wifi_error.cpp;..\..\generated\images\src\Wifi\image_wifi_full.cpp;..\..\generated\images\src\Wifi\image_wifi_full_icon_2x.cpp;..\..\generated\images\src\Wifi\image_wifi_full_settings.cpp;..\..\generated\images\src\Wifi\image_wifi_level_1.cpp;..\..\generated\images\src\Wifi\image_wifi_level_2.cpp;..\..\generated\images\src\Wifi\image_wifi_level_3.cpp;..\..\generated\images\src\Wifi\image_wifi_level_4.cpp;..\..\generated\images\src\Wifi\image_wifi_lock.cpp;..\..\generated\images\src\Wifi\image_wifi_low.cpp;..\..\generated\images\src\Wifi\image_wifi_low_icon_2x.cpp;..\..\generated\images\src\Wifi\image_wifi_low_settings.cpp;..\..\generated\images\src\Wifi\image_wifi_mid.cpp;..\..\generated\images\src\Wifi\image_wifi_mid_icon_2x.cpp;..\..\generated\images\src\Wifi\image_wifi_mid_settings.cpp;..\..\generated\images\src\__designer\image_blue_buttons_round_edge_icon_button.cpp;..\..\generated\images\src\__designer\image_blue_buttons_round_edge_icon_button_pressed.cpp;..\..\generated\images\src\__designer\image_Blue_Slider_Horizontal_Large_Indicators_Slider_Round_nob.cpp;..\..\generated\images\src\__designer\image_Blue_Slider_Horizontal_Large_Slider_Round_back.cpp;..\..\generated\images\src\__designer\image_Blue_Slider_Horizontal_Large_Slider_Round_fill.cpp;..\..\generated\text
  SDL2TouchController.cpp
  HALSDL2.cpp
  HALSDL2_icon.cpp
  OSWrappers.cpp
  main.cpp
  mainBase.cpp
  App.cpp
  CarModels.cpp
G:\Germany\Scanner\Firmware\Display_Board\Data\Tamplates.hpp(16,10): fatal error C1083: Cannot open include file: 'cmsis_os_for_simulate.h': No such file or directory (compiling source file ..\..\..\App\App.cpp)
  Cars.cpp
  Data.cpp
  DiagnosticsClass.cpp
  DiagnosticsDataClass.cpp
  Widget.cpp
  AutomaticSearchPresenter.cpp
  AutomaticSearchView.cpp
  AutomaticSearchViewBase.cpp
  CC_BackGround.cpp
  CC_BackGroundBase.cpp
  CC_CarItemScrollList.cpp
  CC_CarItemScrollListBase.cpp
  CC_FrameData.cpp
  CC_FrameDataBase.cpp
  CC_FrameError.cpp
  CC_FrameErrorBase.cpp
  CC_FrameSelect.cpp
  CC_FrameSelectBase.cpp
  CC_LeftMenu.cpp
  CC_LeftMenuBase.cpp
G:\Germany\Scanner\Firmware\Display_Board\Data\Tamplates.hpp(16,10): fatal error C1083: Cannot open include file: 'cmsis_os_for_simulate.h': No such file or directory (compiling source file ..\..\simulator\main.cpp)
  CC_scrollableContainer.cpp
  CC_scrollableContainerBase.cpp
  CC_TopMenu.cpp
  CC_TopMenu_ECUs.cpp
  CC_TopMenu_ECUsBase.cpp
  CC_TopMenuBase.cpp
  ECUsPresenter.cpp
  ECUsView.cpp
  ECUsViewBase.cpp
  FrontendApplication.cpp
  FrontendApplicationBase.cpp
  HaveFoundCarPresenter.cpp
  HaveFoundCarView.cpp
  HaveFoundCarViewBase.cpp
  Model.cpp
  CarBrandsPresenter.cpp
  CarBrandsView.cpp
  CarBrandsViewBase.cpp
G:\Windows Kits\10\Include\10.0.19041.0\um\winnt.h(2496,40): error C2338: Windows headers require the default packing option. Changing this can lead to memory corruption. This diagnostic can be disabled by building with WINDOWS_IGNORE_PACKING_MISMATCH defined. (compiling source file ..\..\gui\src\model\Model.cpp)
  CC_TopMenu_LiveData.cpp
  CC_TopMenu_LiveDataBase.cpp
  CC_WaitingPopup.cpp
  CC_WaitingPopupBase.cpp
G:\Germany\Scanner\Firmware\Display_Board\Data\Tamplates.hpp(16,10): fatal error C1083: Cannot open include file: 'cmsis_os_for_simulate.h': No such file or directory (compiling source file ..\..\gui\src\model\Model.cpp)
  FunctionSelectionPresenter.cpp
  FunctionSelectionView.cpp
  FunctionSelectionViewBase.cpp
  LiveDataPresenter.cpp
  LiveDataView.cpp
  LiveDataViewBase.cpp
  MainPresenter.cpp
  MainView.cpp
  MainViewBase.cpp
  ModelNumberPresenter.cpp
  ModelNumberView.cpp
  ModelNumberViewBase.cpp
  ModelSeriesPresenter.cpp
  ModelSeriesView.cpp
  ModelSeriesViewBase.cpp
  ModelYearPresenter.cpp
  ModelYearView.cpp
  ModelYearViewBase.cpp
  WiFi.cpp
  WaitingCarPresenter.cpp
  WaitingCarView.cpp
  WaitingCarViewBase.cpp
  WaitingDataPresenter.cpp
  WaitingDataView.cpp
  WaitingDataViewBase.cpp
  ZostawkaPresenter.cpp
  ZostawkaView.cpp
  ZostawkaViewBase.cpp
  SettingsPresenter.cpp
  SettingsView.cpp
  SettingsViewBase.cpp
  CC_WiFiConnectingContainer.cpp
  CC_WiFiConnectingContainerBase.cpp
  CC_WiFiMenuContainer.cpp
  CC_WiFiMenuContainerBase.cpp
  WiFiConnectingPresenter.cpp
  WiFiConnectingView.cpp
  WiFiConnectingViewBase.cpp
  CustomKeyboard.cpp
  CC_LeftMenu_Back.cpp
  CC_LeftMenu_BackBase.cpp
  DisplayPresenter.cpp
  DisplayView.cpp
  DisplayViewBase.cpp
  TestDisplayPresenter.cpp
  TestDisplayView.cpp
  TestDisplayViewBase.cpp
  CC_WiFiInfoContainer.cpp
  CC_WiFiInfoContainerBase.cpp
  CC_BackGround_Keyboard.cpp
  CC_BackGround_KeyboardBase.cpp
  CC_WiFiListennigContainer.cpp
  CC_WiFiListennigContainerBase.cpp
