g:\germany\scanner\firmware\display_board\touchgfx\build\debug\obj\halsdl2.obj
g:\germany\scanner\firmware\display_board\touchgfx\build\debug\obj\automaticsearchview.obj
g:\germany\scanner\firmware\display_board\touchgfx\build\debug\obj\cc_frameerrorbase.obj
g:\germany\scanner\firmware\display_board\touchgfx\build\debug\obj\cc_scrollablecontainer.obj
g:\germany\scanner\firmware\display_board\touchgfx\build\debug\obj\ecuspresenter.obj
g:\germany\scanner\firmware\display_board\touchgfx\build\debug\obj\carbrandspresenter.obj
g:\germany\scanner\firmware\display_board\touchgfx\build\debug\obj\cc_topmenu_livedata.obj
g:\germany\scanner\firmware\display_board\touchgfx\build\debug\obj\cc_waitingpopupbase.obj
g:\germany\scanner\firmware\display_board\touchgfx\build\debug\obj\livedatapresenter.obj
g:\germany\scanner\firmware\display_board\touchgfx\build\debug\obj\modelnumberview.obj
g:\germany\scanner\firmware\display_board\touchgfx\build\debug\obj\wifi.obj
g:\germany\scanner\firmware\display_board\touchgfx\build\debug\obj\waitingdatapresenter.obj
g:\germany\scanner\firmware\display_board\touchgfx\build\debug\obj\settingsviewbase.obj
g:\germany\scanner\firmware\display_board\touchgfx\build\debug\obj\wificonnectingview.obj
g:\germany\scanner\firmware\display_board\touchgfx\build\debug\obj\sdl2touchcontroller.obj
g:\germany\scanner\firmware\display_board\touchgfx\build\debug\obj\widget.obj
g:\germany\scanner\firmware\display_board\touchgfx\build\debug\obj\cc_caritemscrolllist.obj
g:\germany\scanner\firmware\display_board\touchgfx\build\debug\obj\havefoundcarview.obj
g:\germany\scanner\firmware\display_board\touchgfx\build\debug\obj\livedataview.obj
g:\germany\scanner\firmware\display_board\touchgfx\build\debug\obj\modelseriespresenter.obj
g:\germany\scanner\firmware\display_board\touchgfx\build\debug\obj\waitingcarview.obj
g:\germany\scanner\firmware\display_board\touchgfx\build\debug\obj\settingspresenter.obj
g:\germany\scanner\firmware\display_board\touchgfx\build\debug\obj\cc_wifimenucontainer.obj
g:\germany\scanner\firmware\display_board\touchgfx\build\debug\obj\displaypresenter.obj
g:\germany\scanner\firmware\display_board\touchgfx\build\debug\obj\cc_wifiinfocontainerbase.obj
g:\germany\scanner\firmware\display_board\touchgfx\build\debug\obj\main.obj
g:\germany\scanner\firmware\display_board\touchgfx\build\debug\obj\cc_topmenubase.obj
g:\germany\scanner\firmware\display_board\touchgfx\build\debug\obj\havefoundcarpresenter.obj
g:\germany\scanner\firmware\display_board\touchgfx\build\debug\obj\functionselectionviewbase.obj
g:\germany\scanner\firmware\display_board\touchgfx\build\debug\obj\modelnumberviewbase.obj
g:\germany\scanner\firmware\display_board\touchgfx\build\debug\obj\waitingcarpresenter.obj
g:\germany\scanner\firmware\display_board\touchgfx\build\debug\obj\zostawkaviewbase.obj
g:\germany\scanner\firmware\display_board\touchgfx\build\debug\obj\cc_leftmenu_backbase.obj
g:\germany\scanner\firmware\display_board\touchgfx\build\debug\obj\cc_wifiinfocontainer.obj
g:\germany\scanner\firmware\display_board\touchgfx\build\debug\obj\mainbase.obj
g:\germany\scanner\firmware\display_board\touchgfx\build\debug\obj\cc_caritemscrolllistbase.obj
g:\germany\scanner\firmware\display_board\touchgfx\build\debug\obj\havefoundcarviewbase.obj
g:\germany\scanner\firmware\display_board\touchgfx\build\debug\obj\mainpresenter.obj
g:\germany\scanner\firmware\display_board\touchgfx\build\debug\obj\modelyearpresenter.obj
g:\germany\scanner\firmware\display_board\touchgfx\build\debug\obj\waitingdataview.obj
g:\germany\scanner\firmware\display_board\touchgfx\build\debug\obj\cc_wificonnectingcontainer.obj
g:\germany\scanner\firmware\display_board\touchgfx\build\debug\obj\wificonnectingpresenter.obj
g:\germany\scanner\firmware\display_board\touchgfx\build\debug\obj\testdisplaypresenter.obj
g:\germany\scanner\firmware\display_board\touchgfx\build\debug\obj\cc_wifilistennigcontainer.obj
g:\germany\scanner\firmware\display_board\touchgfx\build\debug\obj\carmodels.obj
g:\germany\scanner\firmware\display_board\touchgfx\build\debug\obj\data.obj
g:\germany\scanner\firmware\display_board\touchgfx\build\debug\obj\automaticsearchpresenter.obj
g:\germany\scanner\firmware\display_board\touchgfx\build\debug\obj\cc_framedatabase.obj
g:\germany\scanner\firmware\display_board\touchgfx\build\debug\obj\cc_leftmenu.obj
g:\germany\scanner\firmware\display_board\touchgfx\build\debug\obj\cc_topmenu_ecus.obj
g:\germany\scanner\firmware\display_board\touchgfx\build\debug\obj\frontendapplication.obj
g:\germany\scanner\firmware\display_board\touchgfx\build\debug\obj\model.obj
g:\germany\scanner\firmware\display_board\touchgfx\build\debug\obj\livedataviewbase.obj
g:\germany\scanner\firmware\display_board\touchgfx\build\debug\obj\modelseriesview.obj
g:\germany\scanner\firmware\display_board\touchgfx\build\debug\obj\waitingcarviewbase.obj
g:\germany\scanner\firmware\display_board\touchgfx\build\debug\obj\settingsview.obj
g:\germany\scanner\firmware\display_board\touchgfx\build\debug\obj\cc_wifimenucontainerbase.obj
g:\germany\scanner\firmware\display_board\touchgfx\build\debug\obj\displayviewbase.obj
g:\germany\scanner\firmware\display_board\touchgfx\build\debug\obj\cc_background_keyboardbase.obj
g:\germany\scanner\firmware\display_board\touchgfx\build\debug\obj\halsdl2_icon.obj
g:\germany\scanner\firmware\display_board\touchgfx\build\debug\obj\diagnosticsdataclass.obj
g:\germany\scanner\firmware\display_board\touchgfx\build\debug\obj\cc_backgroundbase.obj
g:\germany\scanner\firmware\display_board\touchgfx\build\debug\obj\cc_frameerror.obj
g:\germany\scanner\firmware\display_board\touchgfx\build\debug\obj\cc_leftmenubase.obj
g:\germany\scanner\firmware\display_board\touchgfx\build\debug\obj\cc_topmenu_ecusbase.obj
g:\germany\scanner\firmware\display_board\touchgfx\build\debug\obj\frontendapplicationbase.obj
g:\germany\scanner\firmware\display_board\touchgfx\build\debug\obj\mainview.obj
g:\germany\scanner\firmware\display_board\touchgfx\build\debug\obj\modelseriesviewbase.obj
g:\germany\scanner\firmware\display_board\touchgfx\build\debug\obj\waitingdataviewbase.obj
g:\germany\scanner\firmware\display_board\touchgfx\build\debug\obj\cc_wificonnectingcontainerbase.obj
g:\germany\scanner\firmware\display_board\touchgfx\build\debug\obj\wificonnectingviewbase.obj
g:\germany\scanner\firmware\display_board\touchgfx\build\debug\obj\testdisplayview.obj
g:\germany\scanner\firmware\display_board\touchgfx\build\debug\obj\cc_wifilistennigcontainerbase.obj
g:\germany\scanner\firmware\display_board\touchgfx\build\debug\obj\oswrappers.obj
g:\germany\scanner\firmware\display_board\touchgfx\build\debug\obj\cars.obj
g:\germany\scanner\firmware\display_board\touchgfx\build\debug\obj\diagnosticsclass.obj
g:\germany\scanner\firmware\display_board\touchgfx\build\debug\obj\cc_background.obj
g:\germany\scanner\firmware\display_board\touchgfx\build\debug\obj\cc_framedata.obj
g:\germany\scanner\firmware\display_board\touchgfx\build\debug\obj\cc_frameselect.obj
g:\germany\scanner\firmware\display_board\touchgfx\build\debug\obj\cc_scrollablecontainerbase.obj
g:\germany\scanner\firmware\display_board\touchgfx\build\debug\obj\ecusview.obj
g:\germany\scanner\firmware\display_board\touchgfx\build\debug\obj\carbrandsview.obj
g:\germany\scanner\firmware\display_board\touchgfx\build\debug\obj\cc_topmenu_livedatabase.obj
g:\germany\scanner\firmware\display_board\touchgfx\build\debug\obj\functionselectionpresenter.obj
g:\germany\scanner\firmware\display_board\touchgfx\build\debug\obj\mainviewbase.obj
g:\germany\scanner\firmware\display_board\touchgfx\build\debug\obj\modelyearview.obj
g:\germany\scanner\firmware\display_board\touchgfx\build\debug\obj\zostawkapresenter.obj
g:\germany\scanner\firmware\display_board\touchgfx\build\debug\obj\customkeyboard.obj
g:\germany\scanner\firmware\display_board\touchgfx\build\debug\obj\displayview.obj
g:\germany\scanner\firmware\display_board\touchgfx\build\debug\obj\cc_background_keyboard.obj
g:\germany\scanner\firmware\display_board\touchgfx\build\debug\obj\app.obj
g:\germany\scanner\firmware\display_board\touchgfx\build\debug\obj\automaticsearchviewbase.obj
g:\germany\scanner\firmware\display_board\touchgfx\build\debug\obj\cc_frameselectbase.obj
g:\germany\scanner\firmware\display_board\touchgfx\build\debug\obj\cc_topmenu.obj
g:\germany\scanner\firmware\display_board\touchgfx\build\debug\obj\ecusviewbase.obj
g:\germany\scanner\firmware\display_board\touchgfx\build\debug\obj\carbrandsviewbase.obj
g:\germany\scanner\firmware\display_board\touchgfx\build\debug\obj\cc_waitingpopup.obj
g:\germany\scanner\firmware\display_board\touchgfx\build\debug\obj\functionselectionview.obj
g:\germany\scanner\firmware\display_board\touchgfx\build\debug\obj\modelnumberpresenter.obj
g:\germany\scanner\firmware\display_board\touchgfx\build\debug\obj\modelyearviewbase.obj
g:\germany\scanner\firmware\display_board\touchgfx\build\debug\obj\zostawkaview.obj
g:\germany\scanner\firmware\display_board\touchgfx\build\debug\obj\cc_leftmenu_back.obj
g:\germany\scanner\firmware\display_board\touchgfx\build\debug\obj\testdisplayviewbase.obj
g:\germany\scanner\firmware\display_board\touchgfx\build\debug\obj\vc142.pdb
g:\germany\scanner\firmware\display_board\touchgfx\build\debug\obj\font_arial_20_4bpp_0.obj
g:\germany\scanner\firmware\display_board\touchgfx\build\debug\obj\font_arial_20_4bpp_0.asm
g:\germany\scanner\firmware\display_board\touchgfx\build\debug\obj\font_calibri_34_4bpp_0.obj
g:\germany\scanner\firmware\display_board\touchgfx\build\debug\obj\font_calibri_34_4bpp_0.asm
g:\germany\scanner\firmware\display_board\touchgfx\build\debug\obj\kerning_calibri_34_4bpp.obj
g:\germany\scanner\firmware\display_board\touchgfx\build\debug\obj\kerning_calibri_34_4bpp.asm
g:\germany\scanner\firmware\display_board\touchgfx\build\debug\obj\table_calibri_20_4bpp.obj
g:\germany\scanner\firmware\display_board\touchgfx\build\debug\obj\table_calibri_20_4bpp.asm
g:\germany\scanner\firmware\display_board\touchgfx\build\debug\obj\image_button_button_back_s.obj
g:\germany\scanner\firmware\display_board\touchgfx\build\debug\obj\image_button_button_back_s.asm
g:\germany\scanner\firmware\display_board\touchgfx\build\debug\obj\image_button_read_errors.obj
g:\germany\scanner\firmware\display_board\touchgfx\build\debug\obj\image_button_read_errors.asm
g:\germany\scanner\firmware\display_board\touchgfx\build\debug\obj\image_button_wifi.obj
g:\germany\scanner\firmware\display_board\touchgfx\build\debug\obj\image_button_wifi.asm
g:\germany\scanner\firmware\display_board\touchgfx\build\debug\obj\image_icon_pma.obj
g:\germany\scanner\firmware\display_board\touchgfx\build\debug\obj\image_icon_pma.asm
g:\germany\scanner\firmware\display_board\touchgfx\build\debug\obj\image_icon_sww.obj
g:\germany\scanner\firmware\display_board\touchgfx\build\debug\obj\image_icon_sww.asm
g:\germany\scanner\firmware\display_board\touchgfx\build\debug\obj\image_device.obj
g:\germany\scanner\firmware\display_board\touchgfx\build\debug\obj\image_device.asm
g:\germany\scanner\firmware\display_board\touchgfx\build\debug\obj\image_pkwselector.obj
g:\germany\scanner\firmware\display_board\touchgfx\build\debug\obj\image_pkwselector.asm
g:\germany\scanner\firmware\display_board\touchgfx\build\debug\obj\image_wifi_mid_icon_2x.obj
g:\germany\scanner\firmware\display_board\touchgfx\build\debug\obj\image_wifi_mid_icon_2x.asm
g:\germany\scanner\firmware\display_board\touchgfx\build\debug\obj\languageen.obj
g:\germany\scanner\firmware\display_board\touchgfx\build\debug\obj\languageen.asm
g:\germany\scanner\firmware\display_board\touchgfx\build\debug\obj\applicationfontprovider.obj
g:\germany\scanner\firmware\display_board\touchgfx\build\debug\obj\applicationfontprovider.asm
g:\germany\scanner\firmware\display_board\touchgfx\build\debug\obj\font_calibri_20_4bpp_0.obj
g:\germany\scanner\firmware\display_board\touchgfx\build\debug\obj\font_calibri_20_4bpp_0.asm
g:\germany\scanner\firmware\display_board\touchgfx\build\debug\obj\kerning_ariblk_25_4bpp.obj
g:\germany\scanner\firmware\display_board\touchgfx\build\debug\obj\kerning_ariblk_25_4bpp.asm
g:\germany\scanner\firmware\display_board\touchgfx\build\debug\obj\table_arialbd_30_4bpp.obj
g:\germany\scanner\firmware\display_board\touchgfx\build\debug\obj\table_arialbd_30_4bpp.asm
g:\germany\scanner\firmware\display_board\touchgfx\build\debug\obj\table_calibri_56_4bpp.obj
g:\germany\scanner\firmware\display_board\touchgfx\build\debug\obj\table_calibri_56_4bpp.asm
g:\germany\scanner\firmware\display_board\touchgfx\build\debug\obj\image_button_filter.obj
g:\germany\scanner\firmware\display_board\touchgfx\build\debug\obj\image_button_filter.asm
g:\germany\scanner\firmware\display_board\touchgfx\build\debug\obj\image_button_live_data.obj
g:\germany\scanner\firmware\display_board\touchgfx\build\debug\obj\image_button_live_data.asm
g:\germany\scanner\firmware\display_board\touchgfx\build\debug\obj\image_button_user_data.obj
g:\germany\scanner\firmware\display_board\touchgfx\build\debug\obj\image_button_user_data.asm
g:\germany\scanner\firmware\display_board\touchgfx\build\debug\obj\image_icon_ldm.obj
g:\germany\scanner\firmware\display_board\touchgfx\build\debug\obj\image_icon_ldm.asm
g:\germany\scanner\firmware\display_board\touchgfx\build\debug\obj\image_icon_scr.obj
g:\germany\scanner\firmware\display_board\touchgfx\build\debug\obj\image_icon_scr.asm
g:\germany\scanner\firmware\display_board\touchgfx\build\debug\obj\image_icon_verteilergetriebe.obj
g:\germany\scanner\firmware\display_board\touchgfx\build\debug\obj\image_icon_verteilergetriebe.asm
g:\germany\scanner\firmware\display_board\touchgfx\build\debug\obj\image_loading.obj
g:\germany\scanner\firmware\display_board\touchgfx\build\debug\obj\image_loading.asm
g:\germany\scanner\firmware\display_board\touchgfx\build\debug\obj\image_wifi_dot_icon_2x.obj
g:\germany\scanner\firmware\display_board\touchgfx\build\debug\obj\image_wifi_dot_icon_2x.asm
g:\germany\scanner\firmware\display_board\touchgfx\build\debug\obj\image_wifi_full_settings.obj
g:\germany\scanner\firmware\display_board\touchgfx\build\debug\obj\image_wifi_full_settings.asm
g:\germany\scanner\firmware\display_board\touchgfx\build\debug\obj\image_wifi_level_2.obj
g:\germany\scanner\firmware\display_board\touchgfx\build\debug\obj\image_wifi_level_2.asm
g:\germany\scanner\firmware\display_board\touchgfx\build\debug\obj\image_wifi_mid_settings.obj
g:\germany\scanner\firmware\display_board\touchgfx\build\debug\obj\image_wifi_mid_settings.asm
g:\germany\scanner\firmware\display_board\touchgfx\build\debug\obj\texts.obj
g:\germany\scanner\firmware\display_board\touchgfx\build\debug\obj\texts.asm
g:\germany\scanner\firmware\display_board\touchgfx\build\debug\obj\font_arialbd_30_4bpp_0.obj
g:\germany\scanner\firmware\display_board\touchgfx\build\debug\obj\font_arialbd_30_4bpp_0.asm
g:\germany\scanner\firmware\display_board\touchgfx\build\debug\obj\font_calibri_56_4bpp_0.obj
g:\germany\scanner\firmware\display_board\touchgfx\build\debug\obj\font_calibri_56_4bpp_0.asm
g:\germany\scanner\firmware\display_board\touchgfx\build\debug\obj\bitmapdatabase.obj
g:\germany\scanner\firmware\display_board\touchgfx\build\debug\obj\bitmapdatabase.asm
g:\germany\scanner\firmware\display_board\touchgfx\build\debug\obj\image_button_home.obj
g:\germany\scanner\firmware\display_board\touchgfx\build\debug\obj\image_button_home.asm
g:\germany\scanner\firmware\display_board\touchgfx\build\debug\obj\image_button_save_s.obj
g:\germany\scanner\firmware\display_board\touchgfx\build\debug\obj\image_button_save_s.asm
g:\germany\scanner\firmware\display_board\touchgfx\build\debug\obj\image_button_settings_s.obj
g:\germany\scanner\firmware\display_board\touchgfx\build\debug\obj\image_button_settings_s.asm
g:\germany\scanner\firmware\display_board\touchgfx\build\debug\obj\image_button_touser_s.obj
g:\germany\scanner\firmware\display_board\touchgfx\build\debug\obj\image_button_touser_s.asm
g:\germany\scanner\firmware\display_board\touchgfx\build\debug\obj\image_button_information.obj
g:\germany\scanner\firmware\display_board\touchgfx\build\debug\obj\image_button_information.asm
g:\germany\scanner\firmware\display_board\touchgfx\build\debug\obj\image_icon_ctm_cvm.obj
g:\germany\scanner\firmware\display_board\touchgfx\build\debug\obj\image_icon_ctm_cvm.asm
g:\germany\scanner\firmware\display_board\touchgfx\build\debug\obj\image_icon_edc.obj
g:\germany\scanner\firmware\display_board\touchgfx\build\debug\obj\image_icon_edc.asm
g:\germany\scanner\firmware\display_board\touchgfx\build\debug\obj\image_icon_feststellbremse.obj
g:\germany\scanner\firmware\display_board\touchgfx\build\debug\obj\image_icon_feststellbremse.asm
g:\germany\scanner\firmware\display_board\touchgfx\build\debug\obj\image_icon_motor.obj
g:\germany\scanner\firmware\display_board\touchgfx\build\debug\obj\image_icon_motor.asm
g:\germany\scanner\firmware\display_board\touchgfx\build\debug\obj\image_icon_shd.obj
g:\germany\scanner\firmware\display_board\touchgfx\build\debug\obj\image_icon_shd.asm
g:\germany\scanner\firmware\display_board\touchgfx\build\debug\obj\image_buton2.obj
g:\germany\scanner\firmware\display_board\touchgfx\build\debug\obj\image_buton2.asm
g:\germany\scanner\firmware\display_board\touchgfx\build\debug\obj\image_keyboard_normal.obj
g:\germany\scanner\firmware\display_board\touchgfx\build\debug\obj\image_keyboard_normal.asm
g:\germany\scanner\firmware\display_board\touchgfx\build\debug\obj\font_arial_20_4bpp_4.obj
g:\germany\scanner\firmware\display_board\touchgfx\build\debug\obj\font_arial_20_4bpp_4.asm
g:\germany\scanner\firmware\display_board\touchgfx\build\debug\obj\font_calibri_10_4bpp_0.obj
g:\germany\scanner\firmware\display_board\touchgfx\build\debug\obj\font_calibri_10_4bpp_0.asm
g:\germany\scanner\firmware\display_board\touchgfx\build\debug\obj\kerning_arialbd_30_4bpp.obj
g:\germany\scanner\firmware\display_board\touchgfx\build\debug\obj\kerning_arialbd_30_4bpp.asm
g:\germany\scanner\firmware\display_board\touchgfx\build\debug\obj\kerning_calibri_56_4bpp.obj
g:\germany\scanner\firmware\display_board\touchgfx\build\debug\obj\kerning_calibri_56_4bpp.asm
g:\germany\scanner\firmware\display_board\touchgfx\build\debug\obj\table_calibri_40_4bpp.obj
g:\germany\scanner\firmware\display_board\touchgfx\build\debug\obj\table_calibri_40_4bpp.asm
g:\germany\scanner\firmware\display_board\touchgfx\build\debug\obj\image_button_coding.obj
g:\germany\scanner\firmware\display_board\touchgfx\build\debug\obj\image_button_coding.asm
g:\germany\scanner\firmware\display_board\touchgfx\build\debug\obj\image_button_support.obj
g:\germany\scanner\firmware\display_board\touchgfx\build\debug\obj\image_button_support.asm
g:\germany\scanner\firmware\display_board\touchgfx\build\debug\obj\image_icon_getriebe.obj
g:\germany\scanner\firmware\display_board\touchgfx\build\debug\obj\image_icon_getriebe.asm
g:\germany\scanner\firmware\display_board\touchgfx\build\debug\obj\image_icon_nav.obj
g:\germany\scanner\firmware\display_board\touchgfx\build\debug\obj\image_icon_nav.asm
g:\germany\scanner\firmware\display_board\touchgfx\build\debug\obj\image_icon_sme.obj
g:\germany\scanner\firmware\display_board\touchgfx\build\debug\obj\image_icon_sme.asm
g:\germany\scanner\firmware\display_board\touchgfx\build\debug\obj\image_button_light_selector.obj
g:\germany\scanner\firmware\display_board\touchgfx\build\debug\obj\image_button_light_selector.asm
g:\germany\scanner\firmware\display_board\touchgfx\build\debug\obj\image_waiting_ico.obj
g:\germany\scanner\firmware\display_board\touchgfx\build\debug\obj\image_waiting_ico.asm
g:\germany\scanner\firmware\display_board\touchgfx\build\debug\obj\image_keyboard_close.obj
g:\germany\scanner\firmware\display_board\touchgfx\build\debug\obj\image_keyboard_close.asm
g:\germany\scanner\firmware\display_board\touchgfx\build\debug\obj\image_keyboard_pressed.obj
g:\germany\scanner\firmware\display_board\touchgfx\build\debug\obj\image_keyboard_pressed.asm
g:\germany\scanner\firmware\display_board\touchgfx\build\debug\obj\image_wifi_lock.obj
g:\germany\scanner\firmware\display_board\touchgfx\build\debug\obj\image_wifi_lock.asm
g:\germany\scanner\firmware\display_board\touchgfx\build\debug\obj\image_wifi_low.obj
g:\germany\scanner\firmware\display_board\touchgfx\build\debug\obj\image_wifi_low.asm
g:\germany\scanner\firmware\display_board\touchgfx\build\debug\obj\image_wifi_low_icon_2x.obj
g:\germany\scanner\firmware\display_board\touchgfx\build\debug\obj\image_wifi_low_icon_2x.asm
g:\germany\scanner\firmware\display_board\touchgfx\build\debug\obj\image_blue_buttons_round_edge_icon_button.obj
g:\germany\scanner\firmware\display_board\touchgfx\build\debug\obj\image_blue_buttons_round_edge_icon_button.asm
g:\germany\scanner\firmware\display_board\touchgfx\build\debug\obj\typedtextdatabase.obj
g:\germany\scanner\firmware\display_board\touchgfx\build\debug\obj\typedtextdatabase.asm
g:\germany\scanner\firmware\display_board\touchgfx\build\debug\obj\cachedfont.obj
g:\germany\scanner\firmware\display_board\touchgfx\build\debug\obj\cachedfont.asm
g:\germany\scanner\firmware\display_board\touchgfx\build\debug\obj\font_calibri_34_4bpp_4.obj
g:\germany\scanner\firmware\display_board\touchgfx\build\debug\obj\font_calibri_34_4bpp_4.asm
g:\germany\scanner\firmware\display_board\touchgfx\build\debug\obj\kerning_arial_20_4bpp.obj
g:\germany\scanner\firmware\display_board\touchgfx\build\debug\obj\kerning_arial_20_4bpp.asm
g:\germany\scanner\firmware\display_board\touchgfx\build\debug\obj\kerning_calibri_40_4bpp.obj
g:\germany\scanner\firmware\display_board\touchgfx\build\debug\obj\kerning_calibri_40_4bpp.asm
g:\germany\scanner\firmware\display_board\touchgfx\build\debug\obj\table_calibri_34_4bpp.obj
g:\germany\scanner\firmware\display_board\touchgfx\build\debug\obj\table_calibri_34_4bpp.asm
g:\germany\scanner\firmware\display_board\touchgfx\build\debug\obj\image_button_delete_errors.obj
g:\germany\scanner\firmware\display_board\touchgfx\build\debug\obj\image_button_delete_errors.asm
g:\germany\scanner\firmware\display_board\touchgfx\build\debug\obj\image_button_settings_239x239.obj
g:\germany\scanner\firmware\display_board\touchgfx\build\debug\obj\image_button_settings_239x239.asm
g:\germany\scanner\firmware\display_board\touchgfx\build\debug\obj\image_icon_elektro_servolenkung.obj
g:\germany\scanner\firmware\display_board\touchgfx\build\debug\obj\image_icon_elektro_servolenkung.asm
g:\germany\scanner\firmware\display_board\touchgfx\build\debug\obj\image_icon_kafas.obj
g:\germany\scanner\firmware\display_board\touchgfx\build\debug\obj\image_icon_kafas.asm
g:\germany\scanner\firmware\display_board\touchgfx\build\debug\obj\image_icon_reifendruckuberwachung.obj
g:\germany\scanner\firmware\display_board\touchgfx\build\debug\obj\image_icon_reifendruckuberwachung.asm
g:\germany\scanner\firmware\display_board\touchgfx\build\debug\obj\image_audio_background.obj
g:\germany\scanner\firmware\display_board\touchgfx\build\debug\obj\image_audio_background.asm
g:\germany\scanner\firmware\display_board\touchgfx\build\debug\obj\image_wifi_3.obj
g:\germany\scanner\firmware\display_board\touchgfx\build\debug\obj\image_wifi_3.asm
g:\germany\scanner\firmware\display_board\touchgfx\build\debug\obj\image_wifi_dot_settings.obj
g:\germany\scanner\firmware\display_board\touchgfx\build\debug\obj\image_wifi_dot_settings.asm
g:\germany\scanner\firmware\display_board\touchgfx\build\debug\obj\image_wifi_full_icon_2x.obj
g:\germany\scanner\firmware\display_board\touchgfx\build\debug\obj\image_wifi_full_icon_2x.asm
g:\germany\scanner\firmware\display_board\touchgfx\build\debug\obj\image_wifi_level_3.obj
g:\germany\scanner\firmware\display_board\touchgfx\build\debug\obj\image_wifi_level_3.asm
g:\germany\scanner\firmware\display_board\touchgfx\build\debug\obj\image_wifi_mid.obj
g:\germany\scanner\firmware\display_board\touchgfx\build\debug\obj\image_wifi_mid.asm
g:\germany\scanner\firmware\display_board\touchgfx\build\debug\obj\image_blue_buttons_round_edge_icon_button_pressed.obj
g:\germany\scanner\firmware\display_board\touchgfx\build\debug\obj\image_blue_buttons_round_edge_icon_button_pressed.asm
g:\germany\scanner\firmware\display_board\touchgfx\build\debug\obj\fontcache.obj
g:\germany\scanner\firmware\display_board\touchgfx\build\debug\obj\fontcache.asm
g:\germany\scanner\firmware\display_board\touchgfx\build\debug\obj\generatedfont.obj
g:\germany\scanner\firmware\display_board\touchgfx\build\debug\obj\generatedfont.asm
g:\germany\scanner\firmware\display_board\touchgfx\build\debug\obj\kerning_calibri_20_4bpp.obj
g:\germany\scanner\firmware\display_board\touchgfx\build\debug\obj\kerning_calibri_20_4bpp.asm
g:\germany\scanner\firmware\display_board\touchgfx\build\debug\obj\table_calibri_10_4bpp.obj
g:\germany\scanner\firmware\display_board\touchgfx\build\debug\obj\table_calibri_10_4bpp.asm
g:\germany\scanner\firmware\display_board\touchgfx\build\debug\obj\image_button_actuator.obj
g:\germany\scanner\firmware\display_board\touchgfx\build\debug\obj\image_button_actuator.asm
g:\germany\scanner\firmware\display_board\touchgfx\build\debug\obj\image_button_light_selector_239x239.obj
g:\germany\scanner\firmware\display_board\touchgfx\build\debug\obj\image_button_light_selector_239x239.asm
g:\germany\scanner\firmware\display_board\touchgfx\build\debug\obj\image_icon_ekp.obj
g:\germany\scanner\firmware\display_board\touchgfx\build\debug\obj\image_icon_ekp.asm
g:\germany\scanner\firmware\display_board\touchgfx\build\debug\obj\image_icon_instrumententafel.obj
g:\germany\scanner\firmware\display_board\touchgfx\build\debug\obj\image_icon_instrumententafel.asm
g:\germany\scanner\firmware\display_board\touchgfx\build\debug\obj\image_icon_regen_lichtsensor.obj
g:\germany\scanner\firmware\display_board\touchgfx\build\debug\obj\image_icon_regen_lichtsensor.asm
g:\germany\scanner\firmware\display_board\touchgfx\build\debug\obj\image_icon_tlc.obj
g:\germany\scanner\firmware\display_board\touchgfx\build\debug\obj\image_icon_tlc.asm
g:\germany\scanner\firmware\display_board\touchgfx\build\debug\obj\image_image.obj
g:\germany\scanner\firmware\display_board\touchgfx\build\debug\obj\image_image.asm
g:\germany\scanner\firmware\display_board\touchgfx\build\debug\obj\image_ui_settings.obj
g:\germany\scanner\firmware\display_board\touchgfx\build\debug\obj\image_ui_settings.asm
g:\germany\scanner\firmware\display_board\touchgfx\build\debug\obj\image_blue_slider_horizontal_large_slider_round_fill.obj
g:\germany\scanner\firmware\display_board\touchgfx\build\debug\obj\image_blue_slider_horizontal_large_slider_round_fill.asm
g:\germany\scanner\firmware\display_board\touchgfx\build\debug\obj\font_ariblk_25_4bpp_0.obj
g:\germany\scanner\firmware\display_board\touchgfx\build\debug\obj\font_ariblk_25_4bpp_0.asm
g:\germany\scanner\firmware\display_board\touchgfx\build\debug\obj\font_calibri_56_4bpp_4.obj
g:\germany\scanner\firmware\display_board\touchgfx\build\debug\obj\font_calibri_56_4bpp_4.asm
g:\germany\scanner\firmware\display_board\touchgfx\build\debug\obj\kerning_calibri_10_4bpp.obj
g:\germany\scanner\firmware\display_board\touchgfx\build\debug\obj\kerning_calibri_10_4bpp.asm
g:\germany\scanner\firmware\display_board\touchgfx\build\debug\obj\table_ariblk_25_4bpp.obj
g:\germany\scanner\firmware\display_board\touchgfx\build\debug\obj\table_ariblk_25_4bpp.asm
g:\germany\scanner\firmware\display_board\touchgfx\build\debug\obj\image_button_back.obj
g:\germany\scanner\firmware\display_board\touchgfx\build\debug\obj\image_button_back.asm
g:\germany\scanner\firmware\display_board\touchgfx\build\debug\obj\image_button_home_s.obj
g:\germany\scanner\firmware\display_board\touchgfx\build\debug\obj\image_button_home_s.asm
g:\germany\scanner\firmware\display_board\touchgfx\build\debug\obj\image_button_settings.obj
g:\germany\scanner\firmware\display_board\touchgfx\build\debug\obj\image_button_settings.asm
g:\germany\scanner\firmware\display_board\touchgfx\build\debug\obj\image_button_touser.obj
g:\germany\scanner\firmware\display_board\touchgfx\build\debug\obj\image_button_touser.asm
g:\germany\scanner\firmware\display_board\touchgfx\build\debug\obj\image_trye_again_button.obj
g:\germany\scanner\firmware\display_board\touchgfx\build\debug\obj\image_trye_again_button.asm
g:\germany\scanner\firmware\display_board\touchgfx\build\debug\obj\image_button_update.obj
g:\germany\scanner\firmware\display_board\touchgfx\build\debug\obj\image_button_update.asm
g:\germany\scanner\firmware\display_board\touchgfx\build\debug\obj\image_icon_hkl.obj
g:\germany\scanner\firmware\display_board\touchgfx\build\debug\obj\image_icon_hkl.asm
g:\germany\scanner\firmware\display_board\touchgfx\build\debug\obj\image_icon_parkabstandsregelung.obj
g:\germany\scanner\firmware\display_board\touchgfx\build\debug\obj\image_icon_parkabstandsregelung.asm
g:\germany\scanner\firmware\display_board\touchgfx\build\debug\obj\image_icon_snow.obj
g:\germany\scanner\firmware\display_board\touchgfx\build\debug\obj\image_icon_snow.asm
g:\germany\scanner\firmware\display_board\touchgfx\build\debug\obj\image_button_diagnose_icon.obj
g:\germany\scanner\firmware\display_board\touchgfx\build\debug\obj\image_button_diagnose_icon.asm
g:\germany\scanner\firmware\display_board\touchgfx\build\debug\obj\image_error_box.obj
g:\germany\scanner\firmware\display_board\touchgfx\build\debug\obj\image_error_box.asm
g:\germany\scanner\firmware\display_board\touchgfx\build\debug\obj\image_keyboard_pressed_backspace.obj
g:\germany\scanner\firmware\display_board\touchgfx\build\debug\obj\image_keyboard_pressed_backspace.asm
g:\germany\scanner\firmware\display_board\touchgfx\build\debug\obj\image_keyboard_pressed_capslock.obj
g:\germany\scanner\firmware\display_board\touchgfx\build\debug\obj\image_keyboard_pressed_capslock.asm
g:\germany\scanner\firmware\display_board\touchgfx\build\debug\obj\image_keyboard_pressed_done.obj
g:\germany\scanner\firmware\display_board\touchgfx\build\debug\obj\image_keyboard_pressed_done.asm
g:\germany\scanner\firmware\display_board\touchgfx\build\debug\obj\image_keyboard_pressed_key.obj
g:\germany\scanner\firmware\display_board\touchgfx\build\debug\obj\image_keyboard_pressed_key.asm
g:\germany\scanner\firmware\display_board\touchgfx\build\debug\obj\image_keyboard_pressed_mode.obj
g:\germany\scanner\firmware\display_board\touchgfx\build\debug\obj\image_keyboard_pressed_mode.asm
g:\germany\scanner\firmware\display_board\touchgfx\build\debug\obj\image_keyboard_pressed_space.obj
g:\germany\scanner\firmware\display_board\touchgfx\build\debug\obj\image_keyboard_pressed_space.asm
g:\germany\scanner\firmware\display_board\touchgfx\build\debug\obj\image_no_wifi.obj
g:\germany\scanner\firmware\display_board\touchgfx\build\debug\obj\image_no_wifi.asm
g:\germany\scanner\firmware\display_board\touchgfx\build\debug\obj\image_wifi_1.obj
g:\germany\scanner\firmware\display_board\touchgfx\build\debug\obj\image_wifi_1.asm
g:\germany\scanner\firmware\display_board\touchgfx\build\debug\obj\image_wifi_2.obj
g:\germany\scanner\firmware\display_board\touchgfx\build\debug\obj\image_wifi_2.asm
g:\germany\scanner\firmware\display_board\touchgfx\build\debug\obj\image_wifi_dot.obj
g:\germany\scanner\firmware\display_board\touchgfx\build\debug\obj\image_wifi_dot.asm
g:\germany\scanner\firmware\display_board\touchgfx\build\debug\obj\image_wifi_error.obj
g:\germany\scanner\firmware\display_board\touchgfx\build\debug\obj\image_wifi_error.asm
g:\germany\scanner\firmware\display_board\touchgfx\build\debug\obj\image_wifi_level_4.obj
g:\germany\scanner\firmware\display_board\touchgfx\build\debug\obj\image_wifi_level_4.asm
g:\germany\scanner\firmware\display_board\touchgfx\build\debug\obj\image_blue_slider_horizontal_large_slider_round_back.obj
g:\germany\scanner\firmware\display_board\touchgfx\build\debug\obj\image_blue_slider_horizontal_large_slider_round_back.asm
g:\germany\scanner\firmware\display_board\touchgfx\build\debug\obj\font_ariblk_25_4bpp_4.obj
g:\germany\scanner\firmware\display_board\touchgfx\build\debug\obj\font_ariblk_25_4bpp_4.asm
g:\germany\scanner\firmware\display_board\touchgfx\build\debug\obj\font_calibri_40_4bpp_0.obj
g:\germany\scanner\firmware\display_board\touchgfx\build\debug\obj\font_calibri_40_4bpp_0.asm
g:\germany\scanner\firmware\display_board\touchgfx\build\debug\obj\table_arial_20_4bpp.obj
g:\germany\scanner\firmware\display_board\touchgfx\build\debug\obj\table_arial_20_4bpp.asm
g:\germany\scanner\firmware\display_board\touchgfx\build\debug\obj\unmappeddatafont.obj
g:\germany\scanner\firmware\display_board\touchgfx\build\debug\obj\unmappeddatafont.asm
g:\germany\scanner\firmware\display_board\touchgfx\build\debug\obj\image_button_filter_s.obj
g:\germany\scanner\firmware\display_board\touchgfx\build\debug\obj\image_button_filter_s.asm
g:\germany\scanner\firmware\display_board\touchgfx\build\debug\obj\image_button_save.obj
g:\germany\scanner\firmware\display_board\touchgfx\build\debug\obj\image_button_save.asm
g:\germany\scanner\firmware\display_board\touchgfx\build\debug\obj\image_button_service_functions.obj
g:\germany\scanner\firmware\display_board\touchgfx\build\debug\obj\image_button_service_functions.asm
g:\germany\scanner\firmware\display_board\touchgfx\build\debug\obj\image_icon_abs.obj
g:\germany\scanner\firmware\display_board\touchgfx\build\debug\obj\image_icon_abs.asm
g:\germany\scanner\firmware\display_board\touchgfx\build\debug\obj\image_icon_airbag.obj
g:\germany\scanner\firmware\display_board\touchgfx\build\debug\obj\image_icon_airbag.asm
g:\germany\scanner\firmware\display_board\touchgfx\build\debug\obj\image_icon_aktivtemptomat.obj
g:\germany\scanner\firmware\display_board\touchgfx\build\debug\obj\image_icon_aktivtemptomat.asm
g:\germany\scanner\firmware\display_board\touchgfx\build\debug\obj\image_icon_as_al_afs.obj
g:\germany\scanner\firmware\display_board\touchgfx\build\debug\obj\image_icon_as_al_afs.asm
g:\germany\scanner\firmware\display_board\touchgfx\build\debug\obj\image_icon_ecu.obj
g:\germany\scanner\firmware\display_board\touchgfx\build\debug\obj\image_icon_ecu.asm
g:\germany\scanner\firmware\display_board\touchgfx\build\debug\obj\image_icon_ehc.obj
g:\germany\scanner\firmware\display_board\touchgfx\build\debug\obj\image_icon_ehc.asm
g:\germany\scanner\firmware\display_board\touchgfx\build\debug\obj\image_icon_gangwahlshalter.obj
g:\germany\scanner\firmware\display_board\touchgfx\build\debug\obj\image_icon_gangwahlshalter.asm
g:\germany\scanner\firmware\display_board\touchgfx\build\debug\obj\image_icon_lenkwinkelsensor.obj
g:\germany\scanner\firmware\display_board\touchgfx\build\debug\obj\image_icon_lenkwinkelsensor.asm
g:\germany\scanner\firmware\display_board\touchgfx\build\debug\obj\image_icon_sitzmodul.obj
g:\germany\scanner\firmware\display_board\touchgfx\build\debug\obj\image_icon_sitzmodul.asm
g:\germany\scanner\firmware\display_board\touchgfx\build\debug\obj\image_button_deleteerr.obj
g:\germany\scanner\firmware\display_board\touchgfx\build\debug\obj\image_button_deleteerr.asm
g:\germany\scanner\firmware\display_board\touchgfx\build\debug\obj\image_maindark1.obj
g:\germany\scanner\firmware\display_board\touchgfx\build\debug\obj\image_maindark1.asm
g:\germany\scanner\firmware\display_board\touchgfx\build\debug\obj\image_wifi_full.obj
g:\germany\scanner\firmware\display_board\touchgfx\build\debug\obj\image_wifi_full.asm
g:\germany\scanner\firmware\display_board\touchgfx\build\debug\obj\image_wifi_level_1.obj
g:\germany\scanner\firmware\display_board\touchgfx\build\debug\obj\image_wifi_level_1.asm
g:\germany\scanner\firmware\display_board\touchgfx\build\debug\obj\image_wifi_low_settings.obj
g:\germany\scanner\firmware\display_board\touchgfx\build\debug\obj\image_wifi_low_settings.asm
g:\germany\scanner\firmware\display_board\touchgfx\build\debug\obj\image_blue_slider_horizontal_large_indicators_slider_round_nob.obj
g:\germany\scanner\firmware\display_board\touchgfx\build\debug\obj\image_blue_slider_horizontal_large_indicators_slider_round_nob.asm
g:\germany\scanner\firmware\display_board\touchgfx\build\debug\bin\application.exe
g:\germany\scanner\firmware\display_board\touchgfx\build\debug\obj\application.ilk
g:\germany\scanner\firmware\display_board\touchgfx\build\debug\bin\application.pdb
g:\germany\scanner\firmware\display_board\touchgfx\build\debug\obj\touchgfx.res
g:\germany\scanner\firmware\display_board\touchgfx\build\debug\obj\vc142.idb
g:\germany\scanner\firmware\display_board\touchgfx\build\debug\obj\application.tlog\cl.command.1.tlog
g:\germany\scanner\firmware\display_board\touchgfx\build\debug\obj\application.tlog\cl.read.1.tlog
g:\germany\scanner\firmware\display_board\touchgfx\build\debug\obj\application.tlog\cl.write.1.tlog
g:\germany\scanner\firmware\display_board\touchgfx\build\debug\obj\application.tlog\link.command.1.tlog
g:\germany\scanner\firmware\display_board\touchgfx\build\debug\obj\application.tlog\link.read.1.tlog
g:\germany\scanner\firmware\display_board\touchgfx\build\debug\obj\application.tlog\link.write.1.tlog
g:\germany\scanner\firmware\display_board\touchgfx\build\debug\obj\application.tlog\rc.command.1.tlog
g:\germany\scanner\firmware\display_board\touchgfx\build\debug\obj\application.tlog\rc.read.1.tlog
g:\germany\scanner\firmware\display_board\touchgfx\build\debug\obj\application.tlog\rc.write.1.tlog
